mysql> source shipment.sql;
ERROR 1051 (42S02): Unknown table 'csit115.shipment'
Query OK, 0 rows affected (0.22 sec)

Query OK, 1 row affected (0.02 sec)

Query OK, 1 row affected (0.02 sec)

Query OK, 1 row affected (0.03 sec)

Query OK, 1 row affected (0.05 sec)

Query OK, 1 row affected (0.02 sec)

Query OK, 0 rows affected (0.00 sec)

+-------+--------------+-----------+
| sname | product      | part      |
+-------+--------------+-----------+
| James | audio system | amplifier |
| James | audio system | speakers  |
| James | computer     | hard disk |
| James | computer     | mainboard |
| James | computer     | processor |
+-------+--------------+-----------+
5 rows in set (0.00 sec)

Query OK, 0 rows affected (0.14 sec)

